01:09:37.848 [main] INFO  FunctionsBD - 1 John Doe
01:09:37.851 [main] INFO  FunctionsBD - 2 Jane Smith
01:09:37.851 [main] INFO  FunctionsBD - 3 Alice Johnson
01:09:37.851 [main] INFO  FunctionsBD - 4 Bob Brown
01:09:37.851 [main] INFO  FunctionsBD - 5 Emily Williams
01:09:37.852 [main] INFO  FunctionsBD - 1 Даниил Белов
01:09:37.852 [main] INFO  FunctionsBD - 2 Никита Пащенко
01:09:37.852 [main] INFO  FunctionsBD - 3 Светлана Егорова
19:27:40.712 [main] INFO  FunctionsBD - 1 John Doe
19:27:40.715 [main] INFO  FunctionsBD - 2 Jane Smith
19:27:40.715 [main] INFO  FunctionsBD - 3 Alice Johnson
19:27:40.715 [main] INFO  FunctionsBD - 4 Bob Brown
19:27:40.715 [main] INFO  FunctionsBD - 5 Emily Williams
19:27:40.716 [main] INFO  FunctionsBD - 1 Даниил Белов
19:27:40.717 [main] INFO  FunctionsBD - 2 Никита Пащенко
19:27:40.717 [main] INFO  FunctionsBD - 3 Светлана Егорова
06:38:03.651 [main] INFO  FunctionsBD - 1 John Doe
06:38:03.653 [main] INFO  FunctionsBD - 2 Jane Smith
06:38:03.653 [main] INFO  FunctionsBD - 3 Alice Johnson
06:38:03.653 [main] INFO  FunctionsBD - 4 Bob Brown
06:38:03.654 [main] INFO  FunctionsBD - 5 Emily Williams
06:38:03.654 [main] INFO  FunctionsBD - 1 Даниил Белов
06:38:03.654 [main] INFO  FunctionsBD - 2 Никита Пащенко
06:38:03.654 [main] INFO  FunctionsBD - 3 Светлана Егорова
06:38:15.890 [main] INFO  FunctionsBD - 1 John Doe
06:38:15.892 [main] INFO  FunctionsBD - 2 Jane Smith
06:38:15.893 [main] INFO  FunctionsBD - 3 Alice Johnson
06:38:15.893 [main] INFO  FunctionsBD - 4 Bob Brown
06:38:15.893 [main] INFO  FunctionsBD - 5 Emily Williams
06:38:15.893 [main] INFO  FunctionsBD - 6 adidas vova
06:38:15.893 [main] INFO  FunctionsBD - 1 Даниил Белов
06:38:15.893 [main] INFO  FunctionsBD - 2 Никита Пащенко
06:38:15.893 [main] INFO  FunctionsBD - 3 Светлана Егорова
06:39:36.281 [main] INFO  FunctionsBD - 1 John Doe
06:39:36.283 [main] INFO  FunctionsBD - 2 Jane Smith
06:39:36.283 [main] INFO  FunctionsBD - 3 Alice Johnson
06:39:36.283 [main] INFO  FunctionsBD - 4 Bob Brown
06:39:36.283 [main] INFO  FunctionsBD - 5 Emily Williams
06:39:36.283 [main] INFO  FunctionsBD - 6 adidas vova
06:39:36.283 [main] INFO  FunctionsBD - 7 adidas vova
06:39:36.284 [main] INFO  FunctionsBD - 1 Даниил Белов
06:39:36.284 [main] INFO  FunctionsBD - 2 Никита Пащенко
06:39:36.284 [main] INFO  FunctionsBD - 3 Светлана Егорова
06:39:36.288 [main] INFO  repo.MasterRep - Выданный айди:8
06:46:07.289 [main] INFO  repo.MasterRep - Выданный айди:9
06:46:07.294 [main] INFO  repo.MasterRep - Запись не была найдена или не была обновлена.
06:46:07.298 [main] INFO  FunctionsBD - 1 John Doe
06:46:07.299 [main] INFO  FunctionsBD - 2 Jane Smith
06:46:07.299 [main] INFO  FunctionsBD - 3 Alice Johnson
06:46:07.299 [main] INFO  FunctionsBD - 4 Bob Brown
06:46:07.299 [main] INFO  FunctionsBD - 5 Emily Williams
06:46:07.299 [main] INFO  FunctionsBD - 6 adidas vova
06:46:07.299 [main] INFO  FunctionsBD - 7 adidas vova
06:46:07.299 [main] INFO  FunctionsBD - 8 adidas vova
06:46:07.299 [main] INFO  FunctionsBD - 1 Даниил Белов
06:46:07.299 [main] INFO  FunctionsBD - 2 Никита Пащенко
06:46:07.300 [main] INFO  FunctionsBD - 3 Светлана Егорова
06:46:33.570 [main] INFO  repo.MasterRep - Выданный айди:10
06:46:33.576 [main] INFO  repo.MasterRep - Запись успешно обновлена!
06:46:33.581 [main] INFO  FunctionsBD - 1 John Doe
06:46:33.581 [main] INFO  FunctionsBD - 2 Jane Smith
06:46:33.581 [main] INFO  FunctionsBD - 3 Alice Johnson
06:46:33.581 [main] INFO  FunctionsBD - 4 Bob Brown
06:46:33.581 [main] INFO  FunctionsBD - 5 Emily Williams
06:46:33.581 [main] INFO  FunctionsBD - 6 adidas vova
06:46:33.581 [main] INFO  FunctionsBD - 7 adidas vova
06:46:33.582 [main] INFO  FunctionsBD - 8 adidas vova
06:46:33.582 [main] INFO  FunctionsBD - 9 adidas vova
06:46:33.582 [main] INFO  FunctionsBD - 1 Даниил Белов
06:46:33.582 [main] INFO  FunctionsBD - 2 Никита Пащенко
06:46:33.582 [main] INFO  FunctionsBD - 3 Светлана Егорова
06:51:05.896 [main] INFO  repo.MasterRep - Выданный айди:11
06:51:05.900 [main] INFO  repo.MasterRep - Запись успешно обновлена!
06:51:05.904 [main] INFO  FunctionsBD - 1 John Doe
06:51:05.904 [main] INFO  FunctionsBD - 2 Jane Smith
06:51:05.904 [main] INFO  FunctionsBD - 3 Alice Johnson
06:51:05.904 [main] INFO  FunctionsBD - 4 Bob Brown
06:51:05.904 [main] INFO  FunctionsBD - 5 Emily Williams
06:51:05.904 [main] INFO  FunctionsBD - 8 adidas vova
06:51:05.904 [main] INFO  FunctionsBD - 1 Даниил Белов
06:51:05.905 [main] INFO  FunctionsBD - 2 Никита Пащенко
06:51:05.905 [main] INFO  FunctionsBD - 3 Светлана Егорова
06:54:07.449 [main] INFO  repo.MasterRep - Выданный айди:12
06:54:07.455 [main] INFO  repo.MasterRep - Запись успешно обновлена!
06:54:07.460 [main] INFO  FunctionsBD - 1 John Doe
06:54:07.460 [main] INFO  FunctionsBD - 2 Jane Smith
06:54:07.461 [main] INFO  FunctionsBD - 3 Alice Johnson
06:54:07.461 [main] INFO  FunctionsBD - 4 Bob Brown
06:54:07.461 [main] INFO  FunctionsBD - 5 Emily Williams
06:54:07.461 [main] INFO  FunctionsBD - 8 adidas vova
06:54:07.461 [main] INFO  FunctionsBD - 1 Даниил Белов
06:54:07.461 [main] INFO  FunctionsBD - 2 Никита Пащенко
06:54:07.461 [main] INFO  FunctionsBD - 3 Светлана Егорова
06:54:51.263 [main] INFO  repo.MasterRep - Выданный айди:13
06:54:51.267 [main] INFO  repo.MasterRep - Запись успешно обновлена!
06:54:51.272 [main] INFO  FunctionsBD - 1 John Doe
06:54:51.272 [main] INFO  FunctionsBD - 2 Jane Smith
06:54:51.272 [main] INFO  FunctionsBD - 3 Alice Johnson
06:54:51.273 [main] INFO  FunctionsBD - 4 Bob Brown
06:54:51.273 [main] INFO  FunctionsBD - 5 Emily Williams
06:54:51.273 [main] INFO  FunctionsBD - 12 adidas vova
06:54:51.273 [main] INFO  FunctionsBD - 1 Даниил Белов
06:54:51.273 [main] INFO  FunctionsBD - 2 Никита Пащенко
06:54:51.273 [main] INFO  FunctionsBD - 3 Светлана Егорова
06:57:15.806 [main] INFO  repo.MasterRep - Выданный айди:14
06:57:15.810 [main] INFO  repo.MasterRep - Запись успешно обновлена!
06:57:15.814 [main] INFO  FunctionsBD - 1 John Doe
06:57:15.814 [main] INFO  FunctionsBD - 2 Jane Smith
06:57:15.815 [main] INFO  FunctionsBD - 3 Alice Johnson
06:57:15.815 [main] INFO  FunctionsBD - 4 Bob Brown
06:57:15.815 [main] INFO  FunctionsBD - 5 Emily Williams
06:57:15.815 [main] INFO  FunctionsBD - 12 adidas vova
06:57:15.815 [main] INFO  FunctionsBD - 13 adidas vova
06:57:15.815 [main] INFO  FunctionsBD - 1 Даниил Белов
06:57:15.815 [main] INFO  FunctionsBD - 2 Никита Пащенко
06:57:15.815 [main] INFO  FunctionsBD - 3 Светлана Егорова
06:57:31.444 [main] INFO  repo.MasterRep - Выданный айди:15
06:57:31.449 [main] INFO  repo.MasterRep - Запись успешно обновлена!
06:57:31.454 [main] INFO  FunctionsBD - 1 John Doe
06:57:31.454 [main] INFO  FunctionsBD - 2 Jane Smith
06:57:31.454 [main] INFO  FunctionsBD - 3 Alice Johnson
06:57:31.454 [main] INFO  FunctionsBD - 4 Bob Brown
06:57:31.454 [main] INFO  FunctionsBD - 5 Emily Williams
06:57:31.454 [main] INFO  FunctionsBD - 13 adidas vova
06:57:31.454 [main] INFO  FunctionsBD - 14 adidas vova
06:57:31.455 [main] INFO  FunctionsBD - 1 Даниил Белов
06:57:31.455 [main] INFO  FunctionsBD - 2 Никита Пащенко
06:57:31.455 [main] INFO  FunctionsBD - 3 Светлана Егорова
07:00:00.461 [main] INFO  FunctionsBD - 1 John Doe
07:00:00.463 [main] INFO  FunctionsBD - 2 Jane Smith
07:00:00.463 [main] INFO  FunctionsBD - 3 Alice Johnson
07:00:00.463 [main] INFO  FunctionsBD - 4 Bob Brown
07:00:00.463 [main] INFO  FunctionsBD - 5 Emily Williams
07:00:00.463 [main] INFO  FunctionsBD - 13 adidas vova
07:00:00.463 [main] INFO  FunctionsBD - 14 adidas vova
07:00:00.463 [main] INFO  FunctionsBD - 15 adidas vova
07:00:00.464 [main] INFO  FunctionsBD - 1 Даниил Белов
07:00:00.464 [main] INFO  FunctionsBD - 2 Никита Пащенко
07:00:00.464 [main] INFO  FunctionsBD - 3 Светлана Егорова
07:00:00.468 [main] INFO  repo.MasterRep - Выданный айди:16
07:00:00.470 [main] INFO  repo.MasterRep - Запись успешно обновлена!
07:35:37.407 [main] INFO  FunctionsBD - 1 John Doe
07:35:37.410 [main] INFO  FunctionsBD - 2 Jane Smith
07:35:37.410 [main] INFO  FunctionsBD - 3 Alice Johnson
07:35:37.410 [main] INFO  FunctionsBD - 4 Bob Brown
07:35:37.410 [main] INFO  FunctionsBD - 5 Emily Williams
07:35:37.410 [main] INFO  FunctionsBD - 16 adidas vova
07:35:37.410 [main] INFO  FunctionsBD - 17 turbo adidas
07:35:37.410 [main] INFO  FunctionsBD - 1 Даниил Белов
07:35:37.410 [main] INFO  FunctionsBD - 2 Никита Пащенко
07:35:37.410 [main] INFO  FunctionsBD - 3 Светлана Егорова
07:35:37.414 [main] INFO  repo.MasterRep - Выданный айди:18
07:35:37.417 [main] INFO  repo.MasterRep - Запись успешно обновлена!
